<?xml version="1.0" encoding="UTF-8"?>
<!-- Generated by org.testng.reporters.JUnitReportReporter -->
<testsuite skipped="0" hostname="DESKTOP-FV0I4VU" name="SumValidation" tests="1" failures="0" timestamp="23 Feb 2020 13:13:01 GMT" time="2.407" errors="0">
  <testcase name="sumOfCourses" time="2.407" classname="SumValidation"/>
</testsuite> <!-- SumValidation -->
